# JRE version: OpenJDK Runtime Environment Temurin-17.0.8.1+1 (17.0.8.1+1) (build 17.0.8.1+1)
# Java VM: OpenJDK 64-Bit Server VM Temurin-17.0.8.1+1 (17.0.8.1+1, mixed mode, emulated-client, sharing, tiered, compressed oops, compressed class ptrs, g1 gc, windows-amd64)
GC Precious Log:
 CPUs: 4 total, 4 available
 Memory: 24575M
 Large Page Support: Disabled
 NUMA Support: Disabled
 Compressed Oops: Enabled (32-bit)
 Heap Region Size: 1M
 Heap Min Capacity: 8M
 Heap Initial Capacity: 384M
 Heap Max Capacity: 1G
 Pre-touch: Disabled
 Parallel Workers: 4
 Concurrent Workers: 1
 Concurrent Refinement Workers: 4
 Periodic GC: Disabled
Heap:
 garbage-first heap   total 211968K, used 62840K [0x00000000c0000000, 0x0000000100000000)
  region size 1024K, 1 young (1024K), 0 survivors (0K)
 Metaspace       used 69264K, committed 70208K, reserved 1114112K
  class space    used 9553K, committed 9920K, reserved 1048576K
GC Heap History (20 events):
Event: 1748.759 GC heap before
{Heap before GC invocations=277 (full 160):
 garbage-first heap   total 211968K, used 62840K [0x00000000c0000000, 0x0000000100000000)
  region size 1024K, 1 young (1024K), 0 survivors (0K)
 Metaspace       used 69264K, committed 70208K, reserved 1114112K
  class space    used 9553K, committed 9920K, reserved 1048576K
}
Event: 1748.810 GC heap after
{Heap after GC invocations=278 (full 161):
 garbage-first heap   total 211968K, used 62840K [0x00000000c0000000, 0x0000000100000000)
  region size 1024K, 0 young (0K), 0 survivors (0K)
 Metaspace       used 69264K, committed 70208K, reserved 1114112K
  class space    used 9553K, committed 9920K, reserved 1048576K
}
Event: 1758.973 GC heap before
{Heap before GC invocations=278 (full 161):
 garbage-first heap   total 211968K, used 62840K [0x00000000c0000000, 0x0000000100000000)
  region size 1024K, 1 young (1024K), 0 survivors (0K)
 Metaspace       used 69264K, committed 70208K, reserved 1114112K
  class space    used 9553K, committed 9920K, reserved 1048576K
}
Event: 1759.031 GC heap after
{Heap after GC invocations=279 (full 162):
 garbage-first heap   total 211968K, used 62840K [0x00000000c0000000, 0x0000000100000000)
  region size 1024K, 0 young (0K), 0 survivors (0K)
 Metaspace       used 69264K, committed 70208K, reserved 1114112K
  class space    used 9553K, committed 9920K, reserved 1048576K
}
Event: 1769.194 GC heap before
{Heap before GC invocations=279 (full 162):
 garbage-first heap   total 211968K, used 62840K [0x00000000c0000000, 0x0000000100000000)
  region size 1024K, 1 young (1024K), 0 survivors (0K)
 Metaspace       used 69264K, committed 70208K, reserved 1114112K
  class space    used 9553K, committed 9920K, reserved 1048576K
}
Event: 1769.241 GC heap after
{Heap after GC invocations=280 (full 163):
 garbage-first heap   total 211968K, used 62840K [0x00000000c0000000, 0x0000000100000000)
  region size 1024K, 0 young (0K), 0 survivors (0K)
 Metaspace       used 69264K, committed 70208K, reserved 1114112K
  class space    used 9553K, committed 9920K, reserved 1048576K
}
Event: 1779.434 GC heap before
{Heap before GC invocations=280 (full 163):
 garbage-first heap   total 211968K, used 62840K [0x00000000c0000000, 0x0000000100000000)
  region size 1024K, 1 young (1024K), 0 survivors (0K)
 Metaspace       used 69264K, committed 70208K, reserved 1114112K
  class space    used 9553K, committed 9920K, reserved 1048576K
}
Event: 1779.489 GC heap after
{Heap after GC invocations=281 (full 164):
 garbage-first heap   total 211968K, used 62840K [0x00000000c0000000, 0x0000000100000000)
  region size 1024K, 0 young (0K), 0 survivors (0K)
 Metaspace       used 69264K, committed 70208K, reserved 1114112K
  class space    used 9553K, committed 9920K, reserved 1048576K
}
Event: 1789.639 GC heap before
{Heap before GC invocations=281 (full 164):
 garbage-first heap   total 211968K, used 62840K [0x00000000c0000000, 0x0000000100000000)
  region size 1024K, 1 young (1024K), 0 survivors (0K)
 Metaspace       used 69264K, committed 70208K, reserved 1114112K
  class space    used 9553K, committed 9920K, reserved 1048576K
}
Event: 1789.687 GC heap after
{Heap after GC invocations=282 (full 165):
 garbage-first heap   total 211968K, used 62840K [0x00000000c0000000, 0x0000000100000000)
  region size 1024K, 0 young (0K), 0 survivors (0K)
 Metaspace       used 69264K, committed 70208K, reserved 1114112K
  class space    used 9553K, committed 9920K, reserved 1048576K
}
Event: 1799.867 GC heap before
{Heap before GC invocations=282 (full 165):
 garbage-first heap   total 211968K, used 62840K [0x00000000c0000000, 0x0000000100000000)
  region size 1024K, 1 young (1024K), 0 survivors (0K)
 Metaspace       used 69264K, committed 70208K, reserved 1114112K
  class space    used 9553K, committed 9920K, reserved 1048576K
}
Event: 1799.918 GC heap after
{Heap after GC invocations=283 (full 166):
 garbage-first heap   total 211968K, used 62840K [0x00000000c0000000, 0x0000000100000000)
  region size 1024K, 0 young (0K), 0 survivors (0K)
 Metaspace       used 69264K, committed 70208K, reserved 1114112K
  class space    used 9553K, committed 9920K, reserved 1048576K
}
Event: 1810.080 GC heap before
{Heap before GC invocations=283 (full 166):
 garbage-first heap   total 211968K, used 62840K [0x00000000c0000000, 0x0000000100000000)
  region size 1024K, 1 young (1024K), 0 survivors (0K)
 Metaspace       used 69264K, committed 70208K, reserved 1114112K
  class space    used 9553K, committed 9920K, reserved 1048576K
}
Event: 1810.132 GC heap after
{Heap after GC invocations=284 (full 167):
 garbage-first heap   total 211968K, used 62840K [0x00000000c0000000, 0x0000000100000000)
  region size 1024K, 0 young (0K), 0 survivors (0K)
 Metaspace       used 69264K, committed 70208K, reserved 1114112K
  class space    used 9553K, committed 9920K, reserved 1048576K
}
Event: 1820.495 GC heap before
{Heap before GC invocations=284 (full 167):
 garbage-first heap   total 211968K, used 62840K [0x00000000c0000000, 0x0000000100000000)
  region size 1024K, 1 young (1024K), 0 survivors (0K)
 Metaspace       used 69264K, committed 70208K, reserved 1114112K
  class space    used 9553K, committed 9920K, reserved 1048576K
}
Event: 1820.548 GC heap after
{Heap after GC invocations=285 (full 168):
 garbage-first heap   total 211968K, used 62840K [0x00000000c0000000, 0x0000000100000000)
  region size 1024K, 0 young (0K), 0 survivors (0K)
 Metaspace       used 69264K, committed 70208K, reserved 1114112K
  class space    used 9553K, committed 9920K, reserved 1048576K
}
Event: 1830.838 GC heap before
{Heap before GC invocations=285 (full 168):
 garbage-first heap   total 211968K, used 62840K [0x00000000c0000000, 0x0000000100000000)
  region size 1024K, 1 young (1024K), 0 survivors (0K)
 Metaspace       used 69264K, committed 70208K, reserved 1114112K
  class space    used 9553K, committed 9920K, reserved 1048576K
}
Event: 1830.891 GC heap after
{Heap after GC invocations=286 (full 169):
 garbage-first heap   total 211968K, used 62840K [0x00000000c0000000, 0x0000000100000000)
  region size 1024K, 0 young (0K), 0 survivors (0K)
 Metaspace       used 69264K, committed 70208K, reserved 1114112K
  class space    used 9553K, committed 9920K, reserved 1048576K
}
Event: 1841.156 GC heap before
{Heap before GC invocations=286 (full 169):
 garbage-first heap   total 211968K, used 62840K [0x00000000c0000000, 0x0000000100000000)
  region size 1024K, 1 young (1024K), 0 survivors (0K)
 Metaspace       used 69264K, committed 70208K, reserved 1114112K
  class space    used 9553K, committed 9920K, reserved 1048576K
}
Event: 1841.206 GC heap after
{Heap after GC invocations=287 (full 170):
 garbage-first heap   total 211968K, used 62840K [0x00000000c0000000, 0x0000000100000000)
  region size 1024K, 0 young (0K), 0 survivors (0K)
 Metaspace       used 69264K, committed 70208K, reserved 1114112K
  class space    used 9553K, committed 9920K, reserved 1048576K
}

